2024-08-25 17:02:34,295 [main] INFO  Test.PreparationTest - >>>>>Starting search test...
2024-08-25 17:02:36,710 [main] INFO  Test.PreparationTest - >>>>>Starting search test...
2024-08-25 17:02:36,711 [main] INFO  Test.PreparationTest - >>>>>Starting search test...
2024-08-25 17:02:49,207 [main] INFO  Test.PreparationTest - >>>>>Starting search test...
2024-08-25 17:02:55,557 [main] INFO  Test.PreparationTest - >>>>>Starting search test...
2024-08-25 17:03:08,652 [main] INFO  Test.PreparationTest - >>>>>Starting search test...
2024-08-25 17:03:10,298 [main] INFO  Test.PreparationTest - >>>>>Starting search test...
2024-08-25 17:03:10,298 [main] INFO  Test.PreparationTest - >>>>>Starting search test...
2024-08-25 17:03:21,703 [main] INFO  Test.PreparationTest - >>>>>Starting search test...
2024-08-25 17:03:23,595 [main] INFO  Test.PreparationTest - >>>>>Starting search test...
2024-08-25 17:03:23,595 [main] INFO  Test.PreparationTest - >>>>>Starting search test...
2024-08-25 17:03:34,547 [main] INFO  Test.PreparationTest - >>>>>Starting search test...
2024-08-25 17:03:36,842 [main] INFO  Test.PreparationTest - >>>>>Starting search test...
2024-08-25 17:03:36,842 [main] INFO  Test.PreparationTest - >>>>>Starting search test...
2024-08-25 17:03:57,472 [main] INFO  Test.PreparationTest - >>>>>Starting search test...
2024-08-25 17:03:59,118 [main] INFO  Test.PreparationTest - >>>>>Starting search test...
2024-08-25 17:04:12,457 [main] INFO  Test.PreparationTest - >>>>>Starting search test...
2024-08-25 17:04:13,948 [main] INFO  Test.PreparationTest - >>>>>Starting search test...
2024-08-25 17:28:05,397 [main] INFO  Test.PreparationTest - >>>>>Starting search test...
2024-08-25 17:28:07,525 [main] INFO  Test.PreparationTest - >>>>>Starting search test...
2024-08-25 17:28:07,525 [main] INFO  Test.PreparationTest - >>>>>Starting search test...
2024-08-25 17:28:19,989 [main] INFO  Test.PreparationTest - >>>>>Starting search test...
2024-08-25 17:28:21,577 [main] INFO  Test.PreparationTest - >>>>>Starting search test...
2024-08-25 17:28:33,693 [main] INFO  Test.PreparationTest - >>>>>Starting search test...
2024-08-25 17:28:35,329 [main] INFO  Test.PreparationTest - >>>>>Starting search test...
2024-08-25 17:28:35,329 [main] INFO  Test.PreparationTest - >>>>>Starting search test...
2024-08-25 17:28:46,366 [main] INFO  Test.PreparationTest - >>>>>Starting search test...
2024-08-25 17:28:48,136 [main] INFO  Test.PreparationTest - >>>>>Starting search test...
2024-08-25 17:28:48,136 [main] INFO  Test.PreparationTest - >>>>>Starting search test...
2024-08-25 17:28:59,176 [main] INFO  Test.PreparationTest - >>>>>Starting search test...
2024-08-25 17:29:00,870 [main] INFO  Test.PreparationTest - >>>>>Starting search test...
2024-08-25 17:29:00,870 [main] INFO  Test.PreparationTest - >>>>>Starting search test...
2024-08-25 17:29:20,141 [main] INFO  Test.PreparationTest - >>>>>Starting search test...
2024-08-25 17:29:22,152 [main] INFO  Test.PreparationTest - >>>>>Starting search test...
2024-08-25 17:29:35,592 [main] INFO  Test.PreparationTest - >>>>>Starting search test...
2024-08-25 17:29:37,074 [main] INFO  Test.PreparationTest - >>>>>Starting search test...
2024-08-25 17:41:28,086 [main] INFO  Test.PreppPractiseCreator - >>>>>Starting search test...
2024-08-25 17:41:29,848 [main] INFO  Test.PreppPractiseCreator - >>>>>Starting search test...
2024-08-25 17:41:31,798 [main] INFO  Test.PreppPractiseCreator - >>>>>Starting search test...
2024-08-25 17:41:33,516 [main] INFO  Test.PreppPractiseCreator - >>>>>Starting search test...
2024-08-25 17:41:33,517 [main] INFO  Test.PreppPractiseCreator - >>>>>Starting search test...
2024-08-25 17:41:40,001 [main] INFO  Test.PreppPractiseCreator - >>>>>Starting search test...
2024-08-25 17:41:41,822 [main] INFO  Test.PreppPractiseCreator - >>>>>Starting search test...
2024-08-25 17:41:41,825 [main] INFO  Test.PreppPractiseCreator - >>>>>Starting search test...
2024-08-25 17:41:56,163 [main] INFO  Test.PreppPractiseCreator - >>>>>Starting search test...
2024-08-25 17:41:59,070 [main] INFO  Test.PreppPractiseCreator - >>>>>Starting search test...
2024-08-25 17:42:02,981 [main] INFO  Test.PreppPractiseCreator - >>>>>Starting search test...
2024-08-25 17:42:04,517 [main] INFO  Test.PreppPractiseCreator - >>>>>Starting search test...
2024-08-25 17:42:06,777 [main] INFO  Test.PreppPractiseCreator - >>>>>Starting search test...
2024-08-25 17:42:08,443 [main] INFO  Test.PreppPractiseCreator - >>>>>Starting search test...
2024-08-25 17:42:08,444 [main] INFO  Test.PreppPractiseCreator - >>>>>Starting search test...
2024-08-25 17:42:22,478 [main] INFO  Test.PreppPractiseCreator - >>>>>Starting search test...
2024-08-25 17:42:23,958 [main] INFO  Test.PreppPractiseCreator - >>>>>Starting search test...
2024-08-25 17:42:23,958 [main] INFO  Test.PreppPractiseCreator - >>>>>Starting search test...
2024-08-25 17:42:48,256 [main] INFO  Test.PreppPractiseCreator - >>>>>Starting search test...
2024-08-25 17:42:50,054 [main] INFO  Test.PreppPractiseCreator - >>>>>Starting search test...
2024-08-25 17:43:06,094 [main] INFO  Test.PreppPractiseCreator - >>>>>Starting search test...
2024-08-25 17:43:08,522 [main] INFO  Test.PreppPractiseCreator - >>>>>Starting search test...
2024-08-25 17:43:32,340 [main] INFO  Test.PreppPractiseCreator - >>>>>Starting search test...
2024-08-25 17:43:34,209 [main] INFO  Test.PreppPractiseCreator - >>>>>Starting search test...
2024-08-25 17:43:34,209 [main] INFO  Test.PreppPractiseCreator - >>>>>Starting search test...
2024-08-25 17:43:47,529 [main] INFO  Test.PreppPractiseCreator - >>>>>Starting search test...
2024-08-25 17:43:49,253 [main] INFO  Test.PreppPractiseCreator - >>>>>Starting search test...
2024-08-25 17:43:49,253 [main] INFO  Test.PreppPractiseCreator - >>>>>Starting search test...
2024-08-25 17:46:20,501 [main] INFO  Test.PreppPractiseCreator - >>>>>Starting search test...
2024-08-25 17:46:26,703 [main] INFO  Test.PreppPractiseCreator - >>>>>Starting search test...
2024-08-25 17:46:26,703 [main] INFO  Test.PreppPractiseCreator - >>>>>Starting search test...
2024-08-25 17:46:42,628 [main] INFO  Test.PreppPractiseCreator - >>>>>Starting search test...
2024-08-25 17:46:44,300 [main] INFO  Test.PreppPractiseCreator - >>>>>Starting search test...
2024-08-25 17:46:59,344 [main] INFO  Test.PreppPractiseCreator - >>>>>Starting search test...
2024-08-25 17:47:01,167 [main] INFO  Test.PreppPractiseCreator - >>>>>Starting search test...
2024-08-25 17:47:01,167 [main] INFO  Test.PreppPractiseCreator - >>>>>Starting search test...
2024-08-25 17:47:14,476 [main] INFO  Test.PreppPractiseCreator - >>>>>Starting search test...
2024-08-25 17:47:16,040 [main] INFO  Test.PreppPractiseCreator - >>>>>Starting search test...
2024-08-25 17:47:16,040 [main] INFO  Test.PreppPractiseCreator - >>>>>Starting search test...
2024-08-25 17:47:29,363 [main] INFO  Test.PreppPractiseCreator - >>>>>Starting search test...
2024-08-25 17:47:30,985 [main] INFO  Test.PreppPractiseCreator - >>>>>Starting search test...
2024-08-25 17:47:30,985 [main] INFO  Test.PreppPractiseCreator - >>>>>Starting search test...
2024-08-25 17:47:54,617 [main] INFO  Test.PreppPractiseCreator - >>>>>Starting search test...
2024-08-25 17:47:55,982 [main] INFO  Test.PreppPractiseCreator - >>>>>Starting search test...
2024-08-25 17:48:12,080 [main] INFO  Test.PreppPractiseCreator - >>>>>Starting search test...
2024-08-25 17:48:20,226 [main] INFO  Test.PreppPractiseCreator - >>>>>Starting search test...
2024-08-25 17:52:12,404 [main] INFO  Test.PreppPractiseCreator - >>>>>Starting search test...
2024-08-25 17:52:18,601 [main] INFO  Test.PreppPractiseCreator - >>>>>Starting search test...
2024-08-25 17:52:18,602 [main] INFO  Test.PreppPractiseCreator - >>>>>Starting search test...
2024-08-25 17:52:34,311 [main] INFO  Test.PreppPractiseCreator - >>>>>Starting search test...
2024-08-25 17:52:36,192 [main] INFO  Test.PreppPractiseCreator - >>>>>Starting search test...
2024-08-25 17:53:55,925 [main] INFO  Test.PreppPractiseCreator - >>>>>Starting search test...
2024-08-25 17:53:59,546 [main] INFO  Test.PreppPractiseCreator - >>>>>Starting search test...
2024-08-25 17:53:59,546 [main] INFO  Test.PreppPractiseCreator - >>>>>Starting search test...
2024-08-25 17:54:23,826 [main] INFO  Test.PreppPractiseCreator - >>>>>Starting search test...
2024-08-25 17:54:25,566 [main] INFO  Test.PreppPractiseCreator - >>>>>Starting search test...
2024-08-25 17:54:42,139 [main] INFO  Test.PreppPractiseCreator - >>>>>Starting search test...
2024-08-25 17:54:43,531 [main] INFO  Test.PreppPractiseCreator - >>>>>Starting search test...
2024-08-25 18:16:11,239 [main] INFO  Test.PreppPractiseCreator - >>>>>Starting search test...ChromeDriver: chrome on mac (30d876a6f6f3435ac02feda9442fb3e3)
2024-08-25 18:16:19,453 [main] INFO  Test.PreppPractiseCreator - Testing Chapters...
2024-08-25 18:16:20,820 [main] INFO  Test.PreppPractiseCreator - Testing Chapter Created...
2024-08-25 18:16:21,887 [main] INFO  Test.PreppPractiseCreator - >>>>>Starting search test...ChromeDriver: chrome on mac (b93481d0879a604350455e1d025503b3)
2024-08-25 18:16:24,273 [main] INFO  Test.PreppPractiseCreator - Testing Data Configuration...
2024-08-25 18:16:24,614 [main] INFO  Test.PreppPractiseCreator - Testing Data Configuration Created...
2024-08-25 18:16:25,651 [main] INFO  Test.PreppPractiseCreator - >>>>>Starting search test...ChromeDriver: chrome on mac (dbe486bd05eb6548963b9f001f6a029a)
2024-08-25 18:16:27,819 [main] INFO  Test.PreppPractiseCreator - Testing Cloze Test...
2024-08-25 18:16:27,820 [main] INFO  Test.PreppPractiseCreator - Testing Practise...
2024-08-25 18:16:29,397 [main] INFO  Test.PreppPractiseCreator - Testing Practise Created...
2024-08-25 18:16:44,793 [main] INFO  Test.PreppPractiseCreator - Testing Cloze Test Created...
2024-08-25 18:16:45,833 [main] INFO  Test.PreppPractiseCreator - >>>>>Starting search test...ChromeDriver: chrome on mac (7d107da584d428ff99bdd416504bb2d9)
2024-08-25 18:16:47,494 [main] INFO  Test.PreppPractiseCreator - Testing Cloze Test...
2024-08-25 18:16:47,494 [main] INFO  Test.PreppPractiseCreator - Testing Practise...
2024-08-25 18:16:48,973 [main] INFO  Test.PreppPractiseCreator - Testing Practise Created...
2024-08-25 18:17:02,630 [main] INFO  Test.PreppPractiseCreator - Testing Cloze Test Created...
2024-08-25 18:17:03,665 [main] INFO  Test.PreppPractiseCreator - >>>>>Starting search test...ChromeDriver: chrome on mac (9c8b5fb371251bfa924d1d8e6d835773)
2024-08-25 18:17:05,676 [main] INFO  Test.PreppPractiseCreator - Testing Order the sentence...
2024-08-25 18:17:05,677 [main] INFO  Test.PreppPractiseCreator - Testing Practise...
2024-08-25 18:17:07,213 [main] INFO  Test.PreppPractiseCreator - Testing Practise Created...
2024-08-25 18:17:19,423 [main] INFO  Test.PreppPractiseCreator - Testing Order the sentence Created...
2024-08-25 18:17:20,430 [main] INFO  Test.PreppPractiseCreator - >>>>>Starting search test...ChromeDriver: chrome on mac (da22a95c03a005e98de66707a2d0f12d)
2024-08-25 18:17:22,306 [main] INFO  Test.PreppPractiseCreator - Testing Multiple Choices...
2024-08-25 18:17:22,306 [main] INFO  Test.PreppPractiseCreator - Testing Practise...
2024-08-25 18:17:23,485 [main] INFO  Test.PreppPractiseCreator - Testing Practise Created...
2024-08-25 18:17:46,207 [main] INFO  Test.PreppPractiseCreator - Testing Multiple Choices Created...
2024-08-25 18:17:47,272 [main] INFO  Test.PreppPractiseCreator - >>>>>Starting search test...ChromeDriver: chrome on mac (a87b4d4eb9d57b2621ab7f9577dc4e22)
2024-08-25 18:17:49,839 [main] INFO  Test.PreppPractiseCreator - Testing Multiple Choices...
2024-08-25 18:17:49,840 [main] INFO  Test.PreppPractiseCreator - Testing Practise...
2024-08-25 18:17:51,306 [main] INFO  Test.PreppPractiseCreator - Testing Practise Created...
2024-08-25 18:18:06,035 [main] INFO  Test.PreppPractiseCreator - Testing Multiple Choices Created...
2024-08-25 18:18:07,083 [main] INFO  Test.PreppPractiseCreator - >>>>>Starting search test...ChromeDriver: chrome on mac (5f62e9e08879a8bd481e0a85ccbc6800)
2024-08-25 18:18:08,956 [main] INFO  Test.PreppPractiseCreator - Testing Multiple Choices...
2024-08-25 18:18:08,956 [main] INFO  Test.PreppPractiseCreator - Testing Practise...
2024-08-25 18:18:10,312 [main] INFO  Test.PreppPractiseCreator - Testing Practise Created...
2024-08-25 18:18:32,964 [main] INFO  Test.PreppPractiseCreator - Testing Multiple Choices Created...
2024-08-25 18:18:33,964 [main] INFO  Test.PreppPractiseCreator - >>>>>Starting search test...ChromeDriver: chrome on mac (e26bddb43803fcae2449205d8d208696)
2024-08-25 18:18:35,809 [main] INFO  Test.PreppPractiseCreator - Testing Reading...
2024-08-25 18:18:35,810 [main] INFO  Test.PreppPractiseCreator - Testing Practise...
2024-08-25 18:18:37,071 [main] INFO  Test.PreppPractiseCreator - Testing Practise Created...
2024-08-25 18:18:48,789 [main] INFO  Test.PreppPractiseCreator - Testing Reading Created...
2024-08-25 18:18:49,828 [main] INFO  Test.PreppPractiseCreator - >>>>>Starting search test...ChromeDriver: chrome on mac (e6d28bed1d46729280597c1e31f1fcae)
2024-08-25 18:18:51,792 [main] INFO  Test.PreppPractiseCreator - Testing Fill in the blanks...
2024-08-25 18:18:51,792 [main] INFO  Test.PreppPractiseCreator - Testing Practise...
2024-08-25 18:18:53,036 [main] INFO  Test.PreppPractiseCreator - Testing Practise Created...
2024-08-25 18:18:55,217 [main] INFO  Test.PreppPractiseCreator - Testing Fill in the blanks Created...
2024-08-25 18:30:17,139 [main] INFO  Test.PreppPractiseCreator - >>>>>Starting search test...ChromeDriver: chrome on mac (d4ac87e2a462a60330c5bf17fde8a168)
2024-08-25 18:30:19,919 [main] INFO  Test.PreppPractiseCreator - Testing Cloze Test...
2024-08-25 18:30:19,919 [main] INFO  Test.PreppPractiseCreator - Testing Practise...
2024-08-25 18:30:20,830 [main] INFO  Test.PreppPractiseCreator - Testing Practise Created...
2024-08-25 18:30:35,480 [main] INFO  Test.PreppPractiseCreator - Testing Cloze Test Created...
2024-08-25 18:30:36,472 [main] INFO  Test.PreppPractiseCreator - >>>>>Starting search test...ChromeDriver: chrome on mac (a4460b40aae9b6a9791d45b5a68ac455)
2024-08-25 18:30:38,298 [main] INFO  Test.PreppPractiseCreator - Testing Cloze Test...
2024-08-25 18:30:38,298 [main] INFO  Test.PreppPractiseCreator - Testing Practise...
2024-08-25 18:30:40,326 [main] INFO  Test.PreppPractiseCreator - Testing Practise Created...
2024-08-25 18:30:54,105 [main] INFO  Test.PreppPractiseCreator - Testing Cloze Test Created...
2024-08-25 18:30:55,175 [main] INFO  Test.PreppPractiseCreator - >>>>>Starting search test...ChromeDriver: chrome on mac (b93455b41f2e9e045be87f74097e84ad)
2024-08-25 18:30:56,988 [main] INFO  Test.PreppPractiseCreator - Testing Order the sentence...
2024-08-25 18:30:56,988 [main] INFO  Test.PreppPractiseCreator - Testing Practise...
2024-08-25 18:30:58,358 [main] INFO  Test.PreppPractiseCreator - Testing Practise Created...
2024-08-25 18:31:10,239 [main] INFO  Test.PreppPractiseCreator - Testing Order the sentence Created...
2024-08-25 18:31:11,276 [main] INFO  Test.PreppPractiseCreator - >>>>>Starting search test...ChromeDriver: chrome on mac (9fd801cd5b741d351b96582f7615041b)
2024-08-25 18:31:13,555 [main] INFO  Test.PreppPractiseCreator - Testing Reading...
2024-08-25 18:31:13,557 [main] INFO  Test.PreppPractiseCreator - Testing Practise...
2024-08-25 18:31:15,039 [main] INFO  Test.PreppPractiseCreator - Testing Practise Created...
2024-08-25 18:31:27,170 [main] INFO  Test.PreppPractiseCreator - Testing Reading Created...
2024-08-25 18:31:28,232 [main] INFO  Test.PreppPractiseCreator - >>>>>Starting search test...ChromeDriver: chrome on mac (5200ea83905094bfbef5f2ddb3416b85)
2024-08-25 18:31:30,125 [main] INFO  Test.PreppPractiseCreator - Testing Multiple Choices...
2024-08-25 18:31:30,125 [main] INFO  Test.PreppPractiseCreator - Testing Practise...
2024-08-25 18:31:31,293 [main] INFO  Test.PreppPractiseCreator - Testing Practise Created...
2024-08-25 18:31:54,158 [main] INFO  Test.PreppPractiseCreator - Testing Multiple Choices Created...
2024-08-25 18:31:55,215 [main] INFO  Test.PreppPractiseCreator - >>>>>Starting search test...ChromeDriver: chrome on mac (0734a0db8fc64f181b49e70521dececb)
2024-08-25 18:31:57,069 [main] INFO  Test.PreppPractiseCreator - Testing Multiple Choices...
2024-08-25 18:31:57,070 [main] INFO  Test.PreppPractiseCreator - Testing Practise...
2024-08-25 18:31:58,232 [main] INFO  Test.PreppPractiseCreator - Testing Practise Created...
2024-08-25 18:32:13,284 [main] INFO  Test.PreppPractiseCreator - Testing Multiple Choices Created...
2024-08-25 18:32:14,329 [main] INFO  Test.PreppPractiseCreator - >>>>>Starting search test...ChromeDriver: chrome on mac (ade26f2ff1cb50d288396f466aaf458e)
2024-08-25 18:32:16,274 [main] INFO  Test.PreppPractiseCreator - Testing Multiple Choices...
2024-08-25 18:32:16,274 [main] INFO  Test.PreppPractiseCreator - Testing Practise...
2024-08-25 18:32:17,443 [main] INFO  Test.PreppPractiseCreator - Testing Practise Created...
2024-08-25 18:32:40,090 [main] INFO  Test.PreppPractiseCreator - Testing Multiple Choices Created...
2024-08-28 00:08:14,987 [main] INFO  Test.PreppPractiseCreator - >>>>>Starting search test...ChromeDriver: chrome on mac (a828bffb630f4d94a549f3fad36d36b7)
2024-08-28 01:29:50,351 [main] INFO  Test.PreppPractiseCreator - >>>>>Starting search test...ChromeDriver: chrome on mac (fa5d1d2661b226330eeeb82b4aa3b0db)
2024-08-28 01:29:51,829 [main] INFO  Test.PreppPractiseCreator - Testing Data Configuration...
2024-08-28 01:29:52,025 [main] INFO  Test.PreppPractiseCreator - Testing Data Configuration Created...
2024-08-28 01:29:53,631 [main] INFO  Test.PreppPractiseCreator - >>>>>Starting search test...ChromeDriver: chrome on mac (6431b15b1105a83de63cd7df066e7083)
2024-08-28 01:29:56,600 [main] INFO  Test.PreppPractiseCreator - Testing Cloze Test...
2024-08-28 01:29:56,600 [main] INFO  Test.PreppPractiseCreator - Testing Practise...
2024-08-28 01:29:57,989 [main] INFO  Test.PreppPractiseCreator - Testing Practise Created...
2024-08-28 01:30:09,880 [main] INFO  Test.PreppPractiseCreator - Testing Cloze Test Created...
2024-08-28 01:30:10,805 [main] INFO  Test.PreppPractiseCreator - >>>>>Starting search test...ChromeDriver: chrome on mac (b2d343733a16d8a78ea1c9f430f47fe4)
2024-08-28 01:30:12,271 [main] INFO  Test.PreppPractiseCreator - Testing Cloze Test...
2024-08-28 01:30:12,272 [main] INFO  Test.PreppPractiseCreator - Testing Practise...
2024-08-28 01:30:13,291 [main] INFO  Test.PreppPractiseCreator - Testing Practise Created...
2024-08-28 01:30:23,810 [main] INFO  Test.PreppPractiseCreator - Testing Cloze Test Created...
2024-08-28 01:30:24,707 [main] INFO  Test.PreppPractiseCreator - >>>>>Starting search test...ChromeDriver: chrome on mac (80c01fd8b029d43b75bfe8a216a497f9)
2024-08-28 01:30:26,093 [main] INFO  Test.PreppPractiseCreator - Testing Order the sentence...
2024-08-28 01:30:26,093 [main] INFO  Test.PreppPractiseCreator - Testing Practise...
2024-08-28 01:30:27,044 [main] INFO  Test.PreppPractiseCreator - Testing Practise Created...
2024-08-28 01:30:36,663 [main] INFO  Test.PreppPractiseCreator - Testing Order the sentence Created...
2024-08-28 01:30:37,571 [main] INFO  Test.PreppPractiseCreator - >>>>>Starting search test...ChromeDriver: chrome on mac (80d8741c0812571b5b7625f9f807cc9e)
2024-08-28 01:30:38,849 [main] INFO  Test.PreppPractiseCreator - Testing Reading...
2024-08-28 01:30:38,849 [main] INFO  Test.PreppPractiseCreator - Testing Practise...
2024-08-28 01:30:39,852 [main] INFO  Test.PreppPractiseCreator - Testing Practise Created...
2024-08-28 01:30:49,655 [main] INFO  Test.PreppPractiseCreator - Testing Reading Created...
2024-08-28 01:30:50,551 [main] INFO  Test.PreppPractiseCreator - >>>>>Starting search test...ChromeDriver: chrome on mac (c925be5ae32d9804d417e354b28c4b17)
2024-08-28 01:30:51,931 [main] INFO  Test.PreppPractiseCreator - Testing Multiple Choices...
2024-08-28 01:30:51,931 [main] INFO  Test.PreppPractiseCreator - Testing Practise...
2024-08-28 01:30:52,963 [main] INFO  Test.PreppPractiseCreator - Testing Practise Created...
2024-08-28 01:31:11,505 [main] INFO  Test.PreppPractiseCreator - Testing Multiple Choices Created...
2024-08-28 01:31:12,486 [main] INFO  Test.PreppPractiseCreator - >>>>>Starting search test...ChromeDriver: chrome on mac (a7f230b4657dc5340a0ed4c9b4963d67)
2024-08-28 01:31:13,922 [main] INFO  Test.PreppPractiseCreator - Testing Multiple Choices...
2024-08-28 01:31:13,922 [main] INFO  Test.PreppPractiseCreator - Testing Practise...
2024-08-28 01:31:14,992 [main] INFO  Test.PreppPractiseCreator - Testing Practise Created...
2024-08-28 01:31:27,580 [main] INFO  Test.PreppPractiseCreator - Testing Multiple Choices Created...
2024-08-30 10:03:05,693 [main] INFO  Test.PreppPractiseCreator - home driver:ChromeDriver: chrome on mac (0aba4f9ea11199ccf370c7f506e93164)
2024-08-30 10:03:05,695 [main] INFO  Test.PreppPractiseCreator - >>>>>Starting search test...ChromeDriver: chrome on mac (0aba4f9ea11199ccf370c7f506e93164)
2024-08-30 10:03:05,699 [main] INFO  Prepp_Login.Login - Testing Data Configuration...
2024-10-11 01:42:44,172 [main] INFO  Test.PreppPractiseCreator - Testing Data Configuration...
2024-10-11 01:42:44,344 [main] INFO  Test.PreppPractiseCreator - Testing Data Configuration Created...
2024-10-11 01:43:33,456 [main] INFO  Test.PreppPractiseCreator - home driver:ChromeDriver: chrome on mac (11163dda5046c347166bb51cd042c880)
2024-10-11 01:43:33,462 [main] INFO  Test.PreppPractiseCreator - >>>>>Starting search test...ChromeDriver: chrome on mac (11163dda5046c347166bb51cd042c880)
2024-10-11 01:43:33,468 [main] INFO  Prepp_Login.Login - Testing Data Configuration...
2024-10-11 01:43:36,012 [main] INFO  Test.PreppPractiseCreator - Testing Data Configuration...
2024-10-11 01:43:36,186 [main] INFO  Test.PreppPractiseCreator - Testing Data Configuration Created...
2024-10-11 01:43:36,187 [main] INFO  Test.PreppPractiseCreator - Testing Chapters...
2024-10-11 01:45:51,652 [main] INFO  Test.PreppPractiseCreator - home driver:ChromeDriver: chrome on mac (155f1b62c31a2791ed2af8fff99a8d25)
2024-10-11 01:45:51,660 [main] INFO  Test.PreppPractiseCreator - >>>>>Starting search test...ChromeDriver: chrome on mac (155f1b62c31a2791ed2af8fff99a8d25)
2024-10-11 01:45:51,669 [main] INFO  Prepp_Login.Login - Testing Data Configuration...
2024-10-11 01:45:54,509 [main] INFO  Test.PreppPractiseCreator - Testing Data Configuration...
2024-10-11 01:45:54,676 [main] INFO  Test.PreppPractiseCreator - Testing Data Configuration Created...
2024-10-11 01:45:54,676 [main] INFO  Test.PreppPractiseCreator - Testing Chapters...
2024-10-11 01:45:56,105 [main] INFO  Test.PreppPractiseCreator - Testing Chapter Created...
2024-10-11 01:48:27,552 [main] INFO  Test.PreppPractiseCreator - Testing Data Configuration...
2024-10-11 01:48:27,713 [main] INFO  Test.PreppPractiseCreator - Testing Data Configuration Created...
2024-10-11 01:48:28,927 [main] INFO  Test.PreppPractiseCreator - home driver:ChromeDriver: chrome on mac (e4185f205743ba5f1743141b1c13abb5)
2024-10-11 01:48:28,929 [main] INFO  Test.PreppPractiseCreator - >>>>>Starting search test...ChromeDriver: chrome on mac (e4185f205743ba5f1743141b1c13abb5)
2024-10-11 01:48:28,932 [main] INFO  Prepp_Login.Login - Testing Data Configuration...
2024-10-11 01:48:30,461 [main] INFO  Test.PreppPractiseCreator - Testing Cloze Test...
2024-10-11 01:48:30,461 [main] INFO  Test.PreppPractiseCreator - Testing Practise...
2024-10-11 01:48:32,390 [main] INFO  Test.PreppPractiseCreator - Testing Practise Created...
2024-10-11 01:54:13,037 [main] INFO  Test.PreppPractiseCreator - Testing Data Configuration...
2024-10-11 01:54:13,191 [main] INFO  Test.PreppPractiseCreator - Testing Data Configuration Created...
2024-10-11 01:54:14,194 [main] INFO  Test.PreppPractiseCreator - home driver:ChromeDriver: chrome on mac (e02d35b183041bc886cd904d469fb8fe)
2024-10-11 01:54:14,199 [main] INFO  Test.PreppPractiseCreator - >>>>>Starting search test...ChromeDriver: chrome on mac (e02d35b183041bc886cd904d469fb8fe)
2024-10-11 01:54:14,202 [main] INFO  Prepp_Login.Login - Testing Data Configuration...
2024-10-11 01:54:16,012 [main] INFO  Test.PreppPractiseCreator - Testing Cloze Test...
2024-10-11 01:54:16,012 [main] INFO  Test.PreppPractiseCreator - Testing Practise...
2024-10-11 01:54:17,559 [main] INFO  Test.PreppPractiseCreator - Testing Practise Created...
2024-10-11 01:54:26,262 [main] INFO  Test.PreppPractiseCreator - Testing Cloze Test Created...
2024-10-11 01:54:27,065 [main] INFO  Test.PreppPractiseCreator - home driver:ChromeDriver: chrome on mac (0bb7d9055743141ad4aeaf2b360f42e6)
2024-10-11 01:54:27,067 [main] INFO  Test.PreppPractiseCreator - >>>>>Starting search test...ChromeDriver: chrome on mac (0bb7d9055743141ad4aeaf2b360f42e6)
2024-10-11 01:54:27,069 [main] INFO  Prepp_Login.Login - Testing Data Configuration...
2024-10-11 01:54:28,437 [main] INFO  Test.PreppPractiseCreator - Testing Cloze Test...
2024-10-11 01:54:28,437 [main] INFO  Test.PreppPractiseCreator - Testing Practise...
2024-10-11 01:54:30,217 [main] INFO  Test.PreppPractiseCreator - Testing Practise Created...
2024-10-11 01:58:34,734 [main] INFO  Test.PreppPractiseCreator - home driver:ChromeDriver: chrome on mac (a59da621ab79a6d57c90c4eb7ca9ca45)
2024-10-11 01:58:34,738 [main] INFO  Test.PreppPractiseCreator - >>>>>Starting search test...ChromeDriver: chrome on mac (a59da621ab79a6d57c90c4eb7ca9ca45)
2024-10-11 01:58:34,746 [main] INFO  Prepp_Login.Login - Testing Data Configuration...
2024-10-11 01:58:37,143 [main] INFO  Test.PreppPractiseCreator - Testing Cloze Test...
2024-10-11 01:58:37,143 [main] INFO  Test.PreppPractiseCreator - Testing Practise...
2024-10-11 01:58:38,933 [main] INFO  Test.PreppPractiseCreator - Testing Practise Created...
2024-10-11 02:03:45,913 [main] INFO  Test.PreppPractiseCreator - home driver:ChromeDriver: chrome on mac (f575d180817e9dec507f166bc728431a)
2024-10-11 02:03:45,915 [main] INFO  Test.PreppPractiseCreator - >>>>>Starting search test...ChromeDriver: chrome on mac (f575d180817e9dec507f166bc728431a)
2024-10-11 02:03:45,922 [main] INFO  Prepp_Login.Login - Testing Data Configuration...
2024-10-11 02:03:48,367 [main] INFO  Test.PreppPractiseCreator - Testing Data Configuration...
2024-10-11 02:03:48,517 [main] INFO  Test.PreppPractiseCreator - Testing Data Configuration Created...
2024-10-11 02:03:49,889 [main] INFO  Test.PreppPractiseCreator - home driver:ChromeDriver: chrome on mac (54029ca16e08c04da7ce0191cfaa2d66)
2024-10-11 02:03:49,893 [main] INFO  Test.PreppPractiseCreator - >>>>>Starting search test...ChromeDriver: chrome on mac (54029ca16e08c04da7ce0191cfaa2d66)
2024-10-11 02:03:49,895 [main] INFO  Prepp_Login.Login - Testing Data Configuration...
2024-10-11 02:03:52,273 [main] INFO  Test.PreppPractiseCreator - Testing Cloze Test...
2024-10-11 02:03:52,273 [main] INFO  Test.PreppPractiseCreator - Testing Practise...
2024-10-11 02:03:53,867 [main] INFO  Test.PreppPractiseCreator - Testing Practise Created...
2024-10-11 02:04:02,397 [main] INFO  Test.PreppPractiseCreator - Testing Cloze Test Created...
2024-10-11 02:04:03,744 [main] INFO  Test.PreppPractiseCreator - home driver:ChromeDriver: chrome on mac (a441687f3b1396b6363521c2e0711aea)
2024-10-11 02:04:03,746 [main] INFO  Test.PreppPractiseCreator - >>>>>Starting search test...ChromeDriver: chrome on mac (a441687f3b1396b6363521c2e0711aea)
2024-10-11 02:04:03,752 [main] INFO  Prepp_Login.Login - Testing Data Configuration...
2024-10-11 02:04:06,146 [main] INFO  Test.PreppPractiseCreator - Testing Cloze Test...
2024-10-11 02:04:06,146 [main] INFO  Test.PreppPractiseCreator - Testing Practise...
2024-10-11 02:04:07,957 [main] INFO  Test.PreppPractiseCreator - Testing Practise Created...
2024-10-11 02:04:16,049 [main] INFO  Test.PreppPractiseCreator - Testing Cloze Test Created...
2024-10-11 02:04:17,450 [main] INFO  Test.PreppPractiseCreator - home driver:ChromeDriver: chrome on mac (afc3cc3e05cf571e9eda62df6c666663)
2024-10-11 02:04:17,452 [main] INFO  Test.PreppPractiseCreator - >>>>>Starting search test...ChromeDriver: chrome on mac (afc3cc3e05cf571e9eda62df6c666663)
2024-10-11 02:04:17,453 [main] INFO  Prepp_Login.Login - Testing Data Configuration...
2024-10-11 02:04:19,858 [main] INFO  Test.PreppPractiseCreator - Testing Order the sentence...
2024-10-11 02:04:19,858 [main] INFO  Test.PreppPractiseCreator - Testing Practise...
2024-10-11 02:04:21,547 [main] INFO  Test.PreppPractiseCreator - Testing Practise Created...
2024-10-11 02:04:29,128 [main] INFO  Test.PreppPractiseCreator - Testing Order the sentence Created...
2024-10-11 02:04:30,497 [main] INFO  Test.PreppPractiseCreator - home driver:ChromeDriver: chrome on mac (53e415f6c5df1605d159affc819a0759)
2024-10-11 02:04:30,498 [main] INFO  Test.PreppPractiseCreator - >>>>>Starting search test...ChromeDriver: chrome on mac (53e415f6c5df1605d159affc819a0759)
2024-10-11 02:04:30,499 [main] INFO  Prepp_Login.Login - Testing Data Configuration...
2024-10-11 02:04:32,984 [main] INFO  Test.PreppPractiseCreator - Testing Reading...
2024-10-11 02:04:32,984 [main] INFO  Test.PreppPractiseCreator - Testing Practise...
2024-10-11 02:04:34,650 [main] INFO  Test.PreppPractiseCreator - Testing Practise Created...
2024-10-11 02:04:42,591 [main] INFO  Test.PreppPractiseCreator - Testing Reading Created...
2024-10-11 02:04:44,083 [main] INFO  Test.PreppPractiseCreator - home driver:ChromeDriver: chrome on mac (daf6a73e0bd6a03891c638abf4b20b92)
2024-10-11 02:04:44,085 [main] INFO  Test.PreppPractiseCreator - >>>>>Starting search test...ChromeDriver: chrome on mac (daf6a73e0bd6a03891c638abf4b20b92)
2024-10-11 02:04:44,090 [main] INFO  Prepp_Login.Login - Testing Data Configuration...
2024-10-11 02:04:46,582 [main] INFO  Test.PreppPractiseCreator - Testing Multiple Choices...4_5_5   -   B2/Narrative Tenses/Multiple Choices
2024-10-11 02:04:46,582 [main] INFO  Test.PreppPractiseCreator - Testing Practise...
2024-10-11 02:04:48,156 [main] INFO  Test.PreppPractiseCreator - Testing Practise Created...
2024-10-11 02:05:01,637 [main] INFO  Test.PreppPractiseCreator - Testing Multiple Choices Created...4_5_5   -   B2/Narrative Tenses/Multiple Choices
2024-10-11 02:05:03,017 [main] INFO  Test.PreppPractiseCreator - home driver:ChromeDriver: chrome on mac (84f5326c5c312d01d9bce5fa9b8f2f9e)
2024-10-11 02:05:03,018 [main] INFO  Test.PreppPractiseCreator - >>>>>Starting search test...ChromeDriver: chrome on mac (84f5326c5c312d01d9bce5fa9b8f2f9e)
2024-10-11 02:05:03,019 [main] INFO  Prepp_Login.Login - Testing Data Configuration...
2024-10-11 02:05:05,936 [main] INFO  Test.PreppPractiseCreator - Testing Multiple Choices...4_5_5   -   B2/Narrative Tenses/Multiple Choices
2024-10-11 02:05:05,936 [main] INFO  Test.PreppPractiseCreator - Testing Practise...
2024-10-11 02:05:07,520 [main] INFO  Test.PreppPractiseCreator - Testing Practise Created...
2024-10-11 02:05:17,327 [main] INFO  Test.PreppPractiseCreator - Testing Multiple Choices Created...
2024-10-11 02:05:18,708 [main] INFO  Test.PreppPractiseCreator - home driver:ChromeDriver: chrome on mac (51ceb19094858f3aa354670a082cbd85)
2024-10-11 02:05:18,708 [main] INFO  Test.PreppPractiseCreator - >>>>>Starting search test...ChromeDriver: chrome on mac (51ceb19094858f3aa354670a082cbd85)
2024-10-11 02:05:18,709 [main] INFO  Prepp_Login.Login - Testing Data Configuration...
2024-10-11 02:05:21,142 [main] INFO  Test.PreppPractiseCreator - Testing Multiple Choices...
2024-10-11 02:05:21,142 [main] INFO  Test.PreppPractiseCreator - Testing Practise...
2024-10-11 02:05:22,796 [main] INFO  Test.PreppPractiseCreator - Testing Practise Created...
2024-10-11 02:05:36,642 [main] INFO  Test.PreppPractiseCreator - Testing Multiple Choices Created...
2024-10-17 03:22:52,671 [main] INFO  Test.PreppPractiseCreator - home driver:ChromeDriver: chrome on mac (8486a5ef7007e5bd23fa0fe6a3e4cd0f)
2024-10-17 03:22:52,673 [main] INFO  Test.PreppPractiseCreator - >>>>>Starting search test...ChromeDriver: chrome on mac (8486a5ef7007e5bd23fa0fe6a3e4cd0f)
2024-10-17 03:22:52,677 [main] INFO  Prepp_Login.Login - Testing Data Configuration...
2024-10-17 03:22:55,544 [main] INFO  Test.PreppPractiseCreator - Testing Multiple Choices...4_5_1   -   B2/Narrative Tenses/Multiple Choices
2024-10-17 03:22:55,544 [main] INFO  Test.PreppPractiseCreator - Testing Practise...
2024-10-17 03:22:57,575 [main] INFO  Test.PreppPractiseCreator - Testing Practise Created...
2024-10-17 03:23:09,576 [main] INFO  Test.PreppPractiseCreator - Testing Multiple Choices Created...4_5_1   -   B2/Narrative Tenses/Multiple Choices
2024-10-17 03:23:11,037 [main] INFO  Test.PreppPractiseCreator - home driver:ChromeDriver: chrome on mac (126f83f012a2feb86ed351ff587da79e)
2024-10-17 03:23:11,037 [main] INFO  Test.PreppPractiseCreator - >>>>>Starting search test...ChromeDriver: chrome on mac (126f83f012a2feb86ed351ff587da79e)
2024-10-17 03:23:11,039 [main] INFO  Prepp_Login.Login - Testing Data Configuration...
2024-10-17 03:23:13,782 [main] INFO  Test.PreppPractiseCreator - Testing Multiple Choices...4_5_1   -   B2/Narrative Tenses/Multiple Choices
2024-10-17 03:23:13,783 [main] INFO  Test.PreppPractiseCreator - Testing Practise...
2024-10-17 03:23:15,701 [main] INFO  Test.PreppPractiseCreator - Testing Practise Created...
2024-10-17 03:33:39,337 [main] INFO  Test.PreppPractiseCreator - home driver:ChromeDriver: chrome on mac (7e0d24b6a3661fd09895fdc148a35b22)
2024-10-17 03:33:39,340 [main] INFO  Test.PreppPractiseCreator - >>>>>Starting search test...ChromeDriver: chrome on mac (7e0d24b6a3661fd09895fdc148a35b22)
2024-10-17 03:33:39,344 [main] INFO  Prepp_Login.Login - Testing Data Configuration...
2024-10-17 03:33:40,722 [main] INFO  Test.PreppPractiseCreator - Testing Cloze Test...
2024-10-17 03:33:40,722 [main] INFO  Test.PreppPractiseCreator - Testing Practise...
2024-10-17 03:33:42,634 [main] INFO  Test.PreppPractiseCreator - Testing Practise Created...
2024-10-18 23:51:31,683 [main] INFO  Test.PreppPractiseCreator - home driver:ChromeDriver: chrome on mac (5f93ace27c354e3770d61290805bd46c)
2024-10-18 23:51:31,686 [main] INFO  Test.PreppPractiseCreator - >>>>>Starting search test...ChromeDriver: chrome on mac (5f93ace27c354e3770d61290805bd46c)
2024-10-18 23:51:31,692 [main] INFO  Prepp_Login.Login - Testing Data Configuration...
2024-10-18 23:51:33,146 [main] INFO  Test.PreppPractiseCreator - Testing Cloze Test...
2024-10-18 23:51:33,146 [main] INFO  Test.PreppPractiseCreator - Testing Practise...
2024-10-18 23:51:34,972 [main] INFO  Test.PreppPractiseCreator - Testing Practise Created...
2024-10-18 23:51:45,008 [main] INFO  Test.PreppPractiseCreator - Testing Cloze Test Created...
2024-10-18 23:51:45,851 [main] INFO  Test.PreppPractiseCreator - home driver:ChromeDriver: chrome on mac (dcb9c725f8d6b484490e54e185edb858)
2024-10-18 23:51:45,851 [main] INFO  Test.PreppPractiseCreator - >>>>>Starting search test...ChromeDriver: chrome on mac (dcb9c725f8d6b484490e54e185edb858)
2024-10-18 23:51:45,853 [main] INFO  Prepp_Login.Login - Testing Data Configuration...
2024-10-18 23:51:47,207 [main] INFO  Test.PreppPractiseCreator - Testing Cloze Test...
2024-10-18 23:51:47,207 [main] INFO  Test.PreppPractiseCreator - Testing Practise...
2024-10-18 23:51:49,032 [main] INFO  Test.PreppPractiseCreator - Testing Practise Created...
2024-10-18 23:51:59,040 [main] INFO  Test.PreppPractiseCreator - Testing Cloze Test Created...
2024-10-18 23:54:52,678 [main] INFO  Test.PreppPractiseCreator - home driver:ChromeDriver: chrome on mac (c37acd2154a28a6b695796923b5075f3)
2024-10-18 23:54:52,683 [main] INFO  Test.PreppPractiseCreator - >>>>>Starting search test...ChromeDriver: chrome on mac (c37acd2154a28a6b695796923b5075f3)
2024-10-18 23:54:52,692 [main] INFO  Prepp_Login.Login - Testing Data Configuration...
2024-10-18 23:54:54,021 [main] INFO  Test.PreppPractiseCreator - Testing Multiple Choices...4_1_1   -   B2/Simple Present & Present Continuous/Multiple Choices
2024-10-18 23:54:54,022 [main] INFO  Test.PreppPractiseCreator - Testing Practise...
2024-10-18 23:54:56,038 [main] INFO  Test.PreppPractiseCreator - Testing Practise Created...
2024-10-18 23:55:07,523 [main] INFO  Test.PreppPractiseCreator - Testing Multiple Choices Created...4_1_1   -   B2/Simple Present & Present Continuous/Multiple Choices
2024-10-18 23:55:08,337 [main] INFO  Test.PreppPractiseCreator - home driver:ChromeDriver: chrome on mac (94774ca60ed4a72c1d3cdba013131bc1)
2024-10-18 23:55:08,338 [main] INFO  Test.PreppPractiseCreator - >>>>>Starting search test...ChromeDriver: chrome on mac (94774ca60ed4a72c1d3cdba013131bc1)
2024-10-18 23:55:08,343 [main] INFO  Prepp_Login.Login - Testing Data Configuration...
2024-10-18 23:55:10,777 [main] INFO  Test.PreppPractiseCreator - Testing Multiple Choices...4_1_1   -   B2/Simple Present & Present Continuous/Multiple Choices
2024-10-18 23:55:10,778 [main] INFO  Test.PreppPractiseCreator - Testing Practise...
2024-10-18 23:55:12,720 [main] INFO  Test.PreppPractiseCreator - Testing Practise Created...
2024-10-18 23:55:28,324 [main] INFO  Test.PreppPractiseCreator - Testing Multiple Choices Created...
2024-10-18 23:55:29,773 [main] INFO  Test.PreppPractiseCreator - home driver:ChromeDriver: chrome on mac (309d161ff87fd4dd39b166646750e55e)
2024-10-18 23:55:29,774 [main] INFO  Test.PreppPractiseCreator - >>>>>Starting search test...ChromeDriver: chrome on mac (309d161ff87fd4dd39b166646750e55e)
2024-10-18 23:55:29,779 [main] INFO  Prepp_Login.Login - Testing Data Configuration...
2024-10-18 23:55:32,420 [main] INFO  Test.PreppPractiseCreator - Testing Multiple Choices...
2024-10-18 23:55:32,420 [main] INFO  Test.PreppPractiseCreator - Testing Practise...
2024-10-18 23:55:34,034 [main] INFO  Test.PreppPractiseCreator - Testing Practise Created...
2024-10-18 23:55:37,844 [main] INFO  Test.PreppPractiseCreator - Testing Multiple Choices Created...
2024-10-19 00:00:35,045 [main] INFO  Test.PreppPractiseCreator - home driver:ChromeDriver: chrome on mac (4d57eae64b3f41b419705779f71513d7)
2024-10-19 00:00:35,050 [main] INFO  Test.PreppPractiseCreator - >>>>>Starting search test...ChromeDriver: chrome on mac (4d57eae64b3f41b419705779f71513d7)
2024-10-19 00:00:35,056 [main] INFO  Prepp_Login.Login - Testing Data Configuration...
2024-10-19 00:00:36,499 [main] INFO  Test.PreppPractiseCreator - Testing Order the sentence...
2024-10-19 00:00:36,499 [main] INFO  Test.PreppPractiseCreator - Testing Practise...
2024-10-19 00:00:38,363 [main] INFO  Test.PreppPractiseCreator - Testing Practise Created...
2024-10-19 00:01:57,933 [main] INFO  Test.PreppPractiseCreator - home driver:ChromeDriver: chrome on mac (0a5a3b43ea153642f880544ab79da2fa)
2024-10-19 00:01:57,936 [main] INFO  Test.PreppPractiseCreator - >>>>>Starting search test...ChromeDriver: chrome on mac (0a5a3b43ea153642f880544ab79da2fa)
2024-10-19 00:01:57,943 [main] INFO  Prepp_Login.Login - Testing Data Configuration...
2024-10-19 00:02:00,614 [main] INFO  Test.PreppPractiseCreator - Testing Order the sentence...
2024-10-19 00:02:00,614 [main] INFO  Test.PreppPractiseCreator - Testing Practise...
2024-10-19 00:02:02,289 [main] INFO  Test.PreppPractiseCreator - Testing Practise Created...
2024-10-19 00:02:10,220 [main] INFO  Test.PreppPractiseCreator - Testing Order the sentence Created...
2024-10-19 00:04:51,790 [main] INFO  Test.PreppPractiseCreator - home driver:ChromeDriver: chrome on mac (67ba918841fb7fa2bf3482ce7882409c)
2024-10-19 00:04:51,792 [main] INFO  Test.PreppPractiseCreator - >>>>>Starting search test...ChromeDriver: chrome on mac (67ba918841fb7fa2bf3482ce7882409c)
2024-10-19 00:04:51,797 [main] INFO  Prepp_Login.Login - Testing Data Configuration...
2024-10-19 00:04:53,230 [main] INFO  Test.PreppPractiseCreator - Testing Reading...
2024-10-19 00:04:53,231 [main] INFO  Test.PreppPractiseCreator - Testing Practise...
2024-10-19 00:04:54,923 [main] INFO  Test.PreppPractiseCreator - Testing Practise Created...
2024-10-19 00:05:06,911 [main] INFO  Test.PreppPractiseCreator - Testing Reading Created...
2024-10-22 21:36:52,830 [main] INFO  Test.PreppPractiseCreator - home driver:ChromeDriver: chrome on mac (f6d20dba7966e76cb94d3452dfc4672a)
2024-10-22 21:36:52,834 [main] INFO  Test.PreppPractiseCreator - >>>>>Starting search test...ChromeDriver: chrome on mac (f6d20dba7966e76cb94d3452dfc4672a)
2024-10-22 21:36:52,840 [main] INFO  Prepp_Login.Login - Testing Data Configuration...
2024-10-22 21:36:54,368 [main] INFO  Test.PreppPractiseCreator - Testing Multiple Choices...4_2_1   -   B2/Present Perfect & Present Perfect Continuous/Multiple Choices
2024-10-22 21:36:54,368 [main] INFO  Test.PreppPractiseCreator - Testing Practise...
2024-10-22 21:36:56,253 [main] INFO  Test.PreppPractiseCreator - Testing Practise Created...
2024-10-22 21:44:56,428 [main] INFO  Test.PreppPractiseCreator - home driver:ChromeDriver: chrome on mac (d2c0b8d758d12190a5607dfad77ab177)
2024-10-22 21:44:56,430 [main] INFO  Test.PreppPractiseCreator - >>>>>Starting search test...ChromeDriver: chrome on mac (d2c0b8d758d12190a5607dfad77ab177)
2024-10-22 21:44:56,436 [main] INFO  Prepp_Login.Login - Testing Data Configuration...
2024-10-22 21:44:57,693 [main] INFO  Test.PreppPractiseCreator - Testing Multiple Choices...4_2_1   -   B2/Present Perfect & Present Perfect Continuous/Multiple Choices
2024-10-22 21:44:57,693 [main] INFO  Test.PreppPractiseCreator - Testing Practise...
2024-10-22 21:44:59,626 [main] INFO  Test.PreppPractiseCreator - Testing Practise Created...
2024-10-22 21:45:13,037 [main] INFO  Test.PreppPractiseCreator - Testing Multiple Choices Created...4_2_1   -   B2/Present Perfect & Present Perfect Continuous/Multiple Choices
2024-10-22 21:45:13,744 [main] INFO  Test.PreppPractiseCreator - home driver:ChromeDriver: chrome on mac (346f74a69bfdb547beec8c94ff825d45)
2024-10-22 21:45:13,745 [main] INFO  Test.PreppPractiseCreator - >>>>>Starting search test...ChromeDriver: chrome on mac (346f74a69bfdb547beec8c94ff825d45)
2024-10-22 21:45:13,746 [main] INFO  Prepp_Login.Login - Testing Data Configuration...
2024-10-22 21:45:16,669 [main] INFO  Test.PreppPractiseCreator - Testing Multiple Choices...4_2_1   -   B2/Present Perfect & Present Perfect Continuous/Multiple Choices
2024-10-22 21:45:16,669 [main] INFO  Test.PreppPractiseCreator - Testing Practise...
2024-10-22 21:45:18,415 [main] INFO  Test.PreppPractiseCreator - Testing Practise Created...
2024-10-22 21:45:28,611 [main] INFO  Test.PreppPractiseCreator - Testing Multiple Choices Created...
2024-10-22 21:45:29,337 [main] INFO  Test.PreppPractiseCreator - home driver:ChromeDriver: chrome on mac (a91e12a23d980ec717b8e5ffd736f85b)
2024-10-22 21:45:29,339 [main] INFO  Test.PreppPractiseCreator - >>>>>Starting search test...ChromeDriver: chrome on mac (a91e12a23d980ec717b8e5ffd736f85b)
2024-10-22 21:45:29,340 [main] INFO  Prepp_Login.Login - Testing Data Configuration...
2024-10-22 21:45:33,522 [main] INFO  Test.PreppPractiseCreator - Testing Multiple Choices...
2024-10-22 21:45:33,522 [main] INFO  Test.PreppPractiseCreator - Testing Practise...
2024-10-22 21:45:35,169 [main] INFO  Test.PreppPractiseCreator - Testing Practise Created...
2024-10-22 21:45:48,117 [main] INFO  Test.PreppPractiseCreator - Testing Multiple Choices Created...
2024-10-22 21:53:58,253 [main] INFO  Test.PreppPractiseCreator - home driver:ChromeDriver: chrome on mac (206f6673c9205018efc63e486ff97c66)
2024-10-22 21:53:58,256 [main] INFO  Test.PreppPractiseCreator - >>>>>Starting search test...ChromeDriver: chrome on mac (206f6673c9205018efc63e486ff97c66)
2024-10-22 21:53:58,263 [main] INFO  Prepp_Login.Login - Testing Data Configuration...
2024-10-22 21:53:59,479 [main] INFO  Test.PreppPractiseCreator - Testing Order the sentence...
2024-10-22 21:53:59,480 [main] INFO  Test.PreppPractiseCreator - Testing Practise...
2024-10-22 21:54:01,174 [main] INFO  Test.PreppPractiseCreator - Testing Practise Created...
2024-10-22 21:54:08,621 [main] INFO  Test.PreppPractiseCreator - Testing Order the sentence Created...
2024-10-22 21:54:42,924 [main] INFO  Test.PreppPractiseCreator - home driver:ChromeDriver: chrome on mac (0705a5d9b91eea529168e2343beb03ea)
2024-10-22 21:54:42,926 [main] INFO  Test.PreppPractiseCreator - >>>>>Starting search test...ChromeDriver: chrome on mac (0705a5d9b91eea529168e2343beb03ea)
2024-10-22 21:54:42,933 [main] INFO  Prepp_Login.Login - Testing Data Configuration...
2024-10-22 21:54:44,254 [main] INFO  Test.PreppPractiseCreator - Testing Reading...
2024-10-22 21:54:44,254 [main] INFO  Test.PreppPractiseCreator - Testing Practise...
2024-10-22 21:54:46,117 [main] INFO  Test.PreppPractiseCreator - Testing Practise Created...
2024-10-22 21:54:54,492 [main] INFO  Test.PreppPractiseCreator - Testing Reading Created...
2024-10-22 21:56:57,223 [main] INFO  Test.PreppPractiseCreator - home driver:ChromeDriver: chrome on mac (5d13bb454bb239ff346f6d9a9ae8fd8b)
2024-10-22 21:56:57,227 [main] INFO  Test.PreppPractiseCreator - >>>>>Starting search test...ChromeDriver: chrome on mac (5d13bb454bb239ff346f6d9a9ae8fd8b)
2024-10-22 21:56:57,233 [main] INFO  Prepp_Login.Login - Testing Data Configuration...
2024-10-22 21:56:58,478 [main] INFO  Test.PreppPractiseCreator - Testing Cloze Test...
2024-10-22 21:56:58,478 [main] INFO  Test.PreppPractiseCreator - Testing Practise...
2024-10-22 21:57:00,147 [main] INFO  Test.PreppPractiseCreator - Testing Practise Created...
2024-10-22 21:59:09,051 [main] INFO  Test.PreppPractiseCreator - home driver:ChromeDriver: chrome on mac (1e608b2bc5db8c8f82f57272fd9279f1)
2024-10-22 21:59:09,054 [main] INFO  Test.PreppPractiseCreator - >>>>>Starting search test...ChromeDriver: chrome on mac (1e608b2bc5db8c8f82f57272fd9279f1)
2024-10-22 21:59:09,057 [main] INFO  Prepp_Login.Login - Testing Data Configuration...
2024-10-22 21:59:10,230 [main] INFO  Test.PreppPractiseCreator - Testing Cloze Test...
2024-10-22 21:59:10,230 [main] INFO  Test.PreppPractiseCreator - Testing Practise...
2024-10-22 21:59:12,054 [main] INFO  Test.PreppPractiseCreator - Testing Practise Created...
2024-10-22 21:59:21,132 [main] INFO  Test.PreppPractiseCreator - Testing Cloze Test Created...
2024-10-22 21:59:21,840 [main] INFO  Test.PreppPractiseCreator - home driver:ChromeDriver: chrome on mac (23ede22b90af73afd62267695b9102a7)
2024-10-22 21:59:21,840 [main] INFO  Test.PreppPractiseCreator - >>>>>Starting search test...ChromeDriver: chrome on mac (23ede22b90af73afd62267695b9102a7)
2024-10-22 21:59:21,841 [main] INFO  Prepp_Login.Login - Testing Data Configuration...
2024-10-22 21:59:22,982 [main] INFO  Test.PreppPractiseCreator - Testing Cloze Test...
2024-10-22 21:59:22,982 [main] INFO  Test.PreppPractiseCreator - Testing Practise...
2024-10-22 21:59:24,655 [main] INFO  Test.PreppPractiseCreator - Testing Practise Created...
2024-10-22 21:59:33,528 [main] INFO  Test.PreppPractiseCreator - Testing Cloze Test Created...
2024-10-22 22:06:20,545 [main] INFO  Test.PreppPractiseCreator - home driver:ChromeDriver: chrome on mac (6c8153eb25502a283a4c6266589b4586)
2024-10-22 22:06:20,548 [main] INFO  Test.PreppPractiseCreator - >>>>>Starting search test...ChromeDriver: chrome on mac (6c8153eb25502a283a4c6266589b4586)
2024-10-22 22:06:20,551 [main] INFO  Prepp_Login.Login - Testing Data Configuration...
2024-10-22 22:06:21,863 [main] INFO  Test.PreppPractiseCreator - Testing Cloze Test...
2024-10-22 22:06:21,863 [main] INFO  Test.PreppPractiseCreator - Testing Practise...
2024-10-22 22:06:23,577 [main] INFO  Test.PreppPractiseCreator - Testing Practise Created...
2024-10-22 22:06:32,460 [main] INFO  Test.PreppPractiseCreator - Testing Cloze Test Created...
2024-10-22 22:06:33,164 [main] INFO  Test.PreppPractiseCreator - home driver:ChromeDriver: chrome on mac (00dd1ef1d7d8d65e1233269cf0dbccd5)
2024-10-22 22:06:33,167 [main] INFO  Test.PreppPractiseCreator - >>>>>Starting search test...ChromeDriver: chrome on mac (00dd1ef1d7d8d65e1233269cf0dbccd5)
2024-10-22 22:06:33,173 [main] INFO  Prepp_Login.Login - Testing Data Configuration...
2024-10-22 22:06:34,451 [main] INFO  Test.PreppPractiseCreator - Testing Cloze Test...
2024-10-22 22:06:34,452 [main] INFO  Test.PreppPractiseCreator - Testing Practise...
2024-10-22 22:06:36,126 [main] INFO  Test.PreppPractiseCreator - Testing Practise Created...
2024-10-22 22:06:44,593 [main] INFO  Test.PreppPractiseCreator - Testing Cloze Test Created...
